TN:
SF:src/modules/appointments/services/CreateAppointmentService.ts
FN:13,(anonymous_18)
FN:16,CreateAppointmentService
FN:23,(anonymous_20)
FNF:3
FNH:3
FNDA:1,(anonymous_18)
FNDA:2,CreateAppointmentService
FNDA:3,(anonymous_20)
DA:3,1
DA:4,1
DA:5,1
DA:13,1
DA:20,2
DA:23,3
DA:24,3
DA:25,3
DA:27,3
DA:28,1
DA:31,2
DA:35,2
DA:37,1
DA:39,1
LF:14
LH:14
BRDA:27,0,0,1
BRDA:27,0,1,2
BRF:2
BRH:2
end_of_record
TN:
SF:src/modules/users/services/AuthenticateUserService.ts
FN:22,(anonymous_18)
FN:26,AuthenticateUserService
FN:37,(anonymous_20)
FNF:3
FNH:3
FNDA:1,(anonymous_18)
FNDA:3,AuthenticateUserService
FNDA:3,(anonymous_20)
DA:1,1
DA:2,1
DA:3,1
DA:4,1
DA:22,1
DA:33,3
DA:34,3
DA:37,3
DA:38,3
DA:40,3
DA:41,1
DA:44,2
DA:46,2
DA:47,1
DA:50,1
DA:58,1
DA:60,1
DA:62,1
LF:18
LH:18
BRDA:38,0,0,3
BRDA:40,1,0,1
BRDA:40,1,1,2
BRDA:46,2,0,1
BRDA:46,2,1,1
BRF:5
BRH:5
end_of_record
TN:
SF:src/modules/users/services/CreateUserService.ts
FN:16,(anonymous_18)
FN:20,CreateUserService
FN:31,(anonymous_20)
FNF:3
FNH:3
FNDA:2,(anonymous_18)
FNDA:4,CreateUserService
FNDA:5,(anonymous_20)
DA:2,2
DA:3,2
DA:16,2
DA:27,4
DA:28,4
DA:31,5
DA:32,5
DA:34,5
DA:35,1
DA:38,4
DA:39,4
DA:40,4
DA:42,2
DA:44,2
LF:14
LH:14
BRDA:32,0,0,5
BRDA:34,1,0,1
BRDA:34,1,1,4
BRF:3
BRH:3
end_of_record
TN:
SF:src/modules/users/services/UpdateUserAvatarService.ts
FN:17,(anonymous_18)
FN:21,UpdateUserAvatarService
FN:31,(anonymous_20)
FNF:3
FNH:3
FNDA:1,(anonymous_18)
FNDA:3,UpdateUserAvatarService
FNDA:4,(anonymous_20)
DA:4,1
DA:5,1
DA:17,1
DA:28,3
DA:29,3
DA:31,4
DA:32,4
DA:34,4
DA:35,1
DA:38,3
DA:39,1
DA:42,3
DA:43,3
DA:45,6
DA:46,3
DA:48,1
DA:50,1
LF:17
LH:17
BRDA:32,0,0,4
BRDA:34,1,0,1
BRDA:34,1,1,3
BRDA:38,2,0,1
BRDA:38,2,1,2
BRF:5
BRH:5
end_of_record
